[debug] [2024-10-31T17:58:30.421Z] ----------------------------------------------------------------------
[debug] [2024-10-31T17:58:30.425Z] Command:       C:\Program Files\nodejs\node.exe C:\Users\aluno\AppData\Roaming\npm\node_modules\firebase-tools\lib\bin\firebase.js init
[debug] [2024-10-31T17:58:30.425Z] CLI Version:   13.23.1
[debug] [2024-10-31T17:58:30.425Z] Platform:      win32
[debug] [2024-10-31T17:58:30.425Z] Node Version:  v20.10.0
[debug] [2024-10-31T17:58:30.426Z] Time:          Thu Oct 31 2024 13:58:30 GMT-0400 (Horário Padrão do Amazonas)
[debug] [2024-10-31T17:58:30.426Z] ----------------------------------------------------------------------
[debug] 
[debug] [2024-10-31T17:58:30.432Z] > command requires scopes: ["email","openid","https://www.googleapis.com/auth/cloudplatformprojects.readonly","https://www.googleapis.com/auth/firebase","https://www.googleapis.com/auth/cloud-platform"]
[debug] [2024-10-31T17:58:30.432Z] > authorizing via signed-in user (souzadagama966.masdg@gmail.com)
[info] 
     ######## #### ########  ######## ########     ###     ######  ########
     ##        ##  ##     ## ##       ##     ##  ##   ##  ##       ##
     ######    ##  ########  ######   ########  #########  ######  ######
     ##        ##  ##    ##  ##       ##     ## ##     ##       ## ##
     ##       #### ##     ## ######## ########  ##     ##  ######  ########

You're about to initialize a Firebase project in this directory:

  C:\Users\aluno\Desktop\hackathon2024\hackathon

[info] 
=== Project Setup
[info] 
[info] First, let's associate this project directory with a Firebase project.
[info] You can create multiple project aliases by running firebase use --add, 
[info] but for now we'll just set up a default project.
[info] 
[debug] [2024-10-31T17:59:18.548Z] Checked if tokens are valid: true, expires at: 1730401096992
[debug] [2024-10-31T17:59:18.549Z] Checked if tokens are valid: true, expires at: 1730401096992
[debug] [2024-10-31T17:59:18.551Z] >>> [apiv2][query] GET https://firebase.googleapis.com/v1beta1/projects pageSize=100
[debug] [2024-10-31T17:59:20.221Z] <<< [apiv2][status] GET https://firebase.googleapis.com/v1beta1/projects 200
[debug] [2024-10-31T17:59:20.221Z] <<< [apiv2][body] GET https://firebase.googleapis.com/v1beta1/projects [omitted]
[info] i  Using project hackathon2024tsi-7f76e (hackathon2024tsi) 
[info] 
=== Hosting Setup
[debug] [2024-10-31T17:59:28.233Z] Checked if tokens are valid: true, expires at: 1730401096992
[debug] [2024-10-31T17:59:28.233Z] Checked if tokens are valid: true, expires at: 1730401096992
[debug] [2024-10-31T17:59:28.234Z] >>> [apiv2][query] GET https://firebase.googleapis.com/v1beta1/projects/hackathon2024tsi-7f76e [none]
[debug] [2024-10-31T17:59:28.695Z] <<< [apiv2][status] GET https://firebase.googleapis.com/v1beta1/projects/hackathon2024tsi-7f76e 200
[debug] [2024-10-31T17:59:28.696Z] <<< [apiv2][body] GET https://firebase.googleapis.com/v1beta1/projects/hackathon2024tsi-7f76e {"projectId":"hackathon2024tsi-7f76e","projectNumber":"470655378223","displayName":"hackathon2024tsi","name":"projects/hackathon2024tsi-7f76e","resources":{"hostingSite":"hackathon2024tsi-7f76e"},"state":"ACTIVE","etag":"1_1f73c067-dbe2-4934-bbd5-69a13f688074"}
[info] 
[info] Your public directory is the folder (relative to your project directory) that
[info] will contain Hosting assets to be uploaded with firebase deploy. If you
[info] have a build process for your assets, use your build's output directory.
[info] 
